  UpdateRemoteConfigCommand.cpp
  UpdateLocalConfigCommand.cpp
  TransportFactory.cpp
  Transport.cpp
  TcpDispatcherConnectionDialog.cpp
  SocketIPv4Transport.cpp
  ShutdownCommand.cpp
  ShareWindowCommand.cpp
  ShareRectCommand.cpp
  SharePrimaryCommand.cpp
  ShareFullCommand.cpp
  ShareDisplayCommand.cpp
  ShareAppCommand.cpp
  SetPasswordsDialog.cpp
  RfbClientInfo.cpp
  RemoteException.cpp
  ReloadConfigCommand.cpp
  OutgoingConnectionDialog.cpp
  Notificator.cpp
  NamedPipeTransport.cpp
  正在生成代码...
  正在编译...
  MakeTcpDispatcherConnCommand.cpp
  MakeRfbConnectionCommand.cpp
  DispatchCommand.cpp
  DisconnectAllCommand.cpp
  ControlTrayIcon.cpp
  ControlProxy.cpp
  ControlPipeName.cpp
  ControlMessage.cpp
  ControlGate.cpp
  ControlCommandLine.cpp
e:\tightvnc-2.8.11-gpl\util\commandline.h(35): warning C4091: “typedef ”: 没有声明变量时忽略“UseArgument”的左侧
  ControlCommand.cpp
  ControlAuthException.cpp
  ControlAuthDialog.cpp
  ControlAuth.cpp
  ControlApplication.cpp
e:\tightvnc-2.8.11-gpl\util\commandline.h(35): warning C4091: “typedef ”: 没有声明变量时忽略“UseArgument”的左侧
  ConnectStringParser.cpp
  ConnectCommand.cpp
  AboutDialog.cpp
  正在生成代码...
  tvncontrol-app.vcxproj -> E:\tightvnc-2.8.11-gpl\Debug\tvncontrol-app.lib
