  ZrleDecoder.cpp
  WatermarksController.cpp
  VncAuthenticationHandler.cpp
  VncAuthentication.cpp
  UpdateRequestSender.cpp
  TightDecoder.cpp
  TcpConnection.cpp
  RreDecoder.cpp
  RichCursorDecoder.cpp
  RfbSetPixelFormatClientMessage.cpp
  RfbSetEncodingsClientMessage.cpp
  RfbPointerEventClientMessage.cpp
  RfbKeyEventClientMessage.cpp
  RfbFramebufferUpdateRequestClientMessage.cpp
  RfbCutTextEventClientMessage.cpp
  RfbClientToServerMessage.cpp
  RemoteViewerCore.cpp
  RawDecoder.cpp
  PseudoDecoder.cpp
  PointerPosDecoder.cpp
  正在生成代码...
  正在编译...
  LastRectDecoder.cpp
  JpegQualityLevel.cpp
  JpegDecompressor.cpp
  HexTileDecoder.cpp
  FileTransferCapability.cpp
  FbUpdateNotifier.cpp
  DispatchIdProvider.cpp
  DesktopSizeDecoder.cpp
  DecoderStore.cpp
  DecoderOfRectangle.cpp
  Decoder.cpp
  CursorPainter.cpp
  CoreEventsAdapter.cpp
  CopyRectDecoder.cpp
  CompressionLevel.cpp
  CapsContainer.cpp
  CapabilitiesManager.cpp
  AuthHandler.cpp
  正在生成代码...
  viewer-core.vcxproj -> E:\tightvnc-2.8.11-gpl\Debug\viewer-core.lib
