  ServerConfig.cpp
  RegistrySecurityAttributes.cpp
  PortMappingRect.cpp
e:\tightvnc-2.8.11-gpl\server-config-lib\portmappingrect.cpp(51): warning C4996: 'swscanf': This function or variable may be unsafe. Consider using swscanf_s instead. To disable deprecation, use _CRT_SECURE_NO_WARNINGS. See online help for details.
  c:\program files (x86)\windows kits\10\include\10.0.10240.0\ucrt\corecrt_wstdio.h(2037): note: 参见“swscanf”的声明
  PortMappingContainer.cpp
  PortMapping.cpp
e:\tightvnc-2.8.11-gpl\server-config-lib\portmapping.cpp(105): warning C4996: 'swscanf': This function or variable may be unsafe. Consider using swscanf_s instead. To disable deprecation, use _CRT_SECURE_NO_WARNINGS. See online help for details.
  c:\program files (x86)\windows kits\10\include\10.0.10240.0\ucrt\corecrt_wstdio.h(2037): note: 参见“swscanf”的声明
  IpAccessRule.cpp
e:\tightvnc-2.8.11-gpl\server-config-lib\ipaccessrule.cpp(67): warning C4996: 'swscanf': This function or variable may be unsafe. Consider using swscanf_s instead. To disable deprecation, use _CRT_SECURE_NO_WARNINGS. See online help for details.
  c:\program files (x86)\windows kits\10\include\10.0.10240.0\ucrt\corecrt_wstdio.h(2037): note: 参见“swscanf”的声明
e:\tightvnc-2.8.11-gpl\server-config-lib\ipaccessrule.cpp(91): warning C4996: 'swscanf': This function or variable may be unsafe. Consider using swscanf_s instead. To disable deprecation, use _CRT_SECURE_NO_WARNINGS. See online help for details.
  c:\program files (x86)\windows kits\10\include\10.0.10240.0\ucrt\corecrt_wstdio.h(2037): note: 参见“swscanf”的声明
e:\tightvnc-2.8.11-gpl\server-config-lib\ipaccessrule.cpp(116): warning C4996: 'swscanf': This function or variable may be unsafe. Consider using swscanf_s instead. To disable deprecation, use _CRT_SECURE_NO_WARNINGS. See online help for details.
  c:\program files (x86)\windows kits\10\include\10.0.10240.0\ucrt\corecrt_wstdio.h(2037): note: 参见“swscanf”的声明
e:\tightvnc-2.8.11-gpl\server-config-lib\ipaccessrule.cpp(166): warning C4996: 'inet_addr': Use inet_pton() or InetPton() instead or define _WINSOCK_DEPRECATED_NO_WARNINGS to disable deprecated API warnings
  c:\program files (x86)\windows kits\8.1\include\um\winsock2.h(1850): note: 参见“inet_addr”的声明
e:\tightvnc-2.8.11-gpl\server-config-lib\ipaccessrule.cpp(170): warning C4996: 'inet_addr': Use inet_pton() or InetPton() instead or define _WINSOCK_DEPRECATED_NO_WARNINGS to disable deprecated API warnings
  c:\program files (x86)\windows kits\8.1\include\um\winsock2.h(1850): note: 参见“inet_addr”的声明
e:\tightvnc-2.8.11-gpl\server-config-lib\ipaccessrule.cpp(243): warning C4996: 'inet_addr': Use inet_pton() or InetPton() instead or define _WINSOCK_DEPRECATED_NO_WARNINGS to disable deprecated API warnings
  c:\program files (x86)\windows kits\8.1\include\um\winsock2.h(1850): note: 参见“inet_addr”的声明
e:\tightvnc-2.8.11-gpl\server-config-lib\ipaccessrule.cpp(244): warning C4996: 'inet_addr': Use inet_pton() or InetPton() instead or define _WINSOCK_DEPRECATED_NO_WARNINGS to disable deprecated API warnings
  c:\program files (x86)\windows kits\8.1\include\um\winsock2.h(1850): note: 参见“inet_addr”的声明
  IpAccessControl.cpp
  Configurator.cpp
e:\tightvnc-2.8.11-gpl\server-config-lib\configurator.cpp(515): warning C4996: '_wcstok': This function or variable may be unsafe. Consider using wcstok_s instead. To disable deprecation, use _CRT_SECURE_NO_WARNINGS. See online help for details.
  c:\program files (x86)\windows kits\10\include\10.0.10240.0\ucrt\corecrt_wstring.h(240): note: 参见“_wcstok”的声明
e:\tightvnc-2.8.11-gpl\server-config-lib\configurator.cpp(524): warning C4996: '_wcstok': This function or variable may be unsafe. Consider using wcstok_s instead. To disable deprecation, use _CRT_SECURE_NO_WARNINGS. See online help for details.
  c:\program files (x86)\windows kits\10\include\10.0.10240.0\ucrt\corecrt_wstring.h(240): note: 参见“_wcstok”的声明
  ConfigReloadListener.cpp
  正在生成代码...
  server-config-lib.vcxproj -> E:\tightvnc-2.8.11-gpl\Debug\server-config-lib.lib
