  ZlibException.cpp
  ZLibBase.cpp
  VncPassCrypt.cpp
  Utf8StringStorage.cpp
  UnicodeStringStorage.cpp
  Unicode.cpp
  StringTable.cpp
  StringStorage.cpp
  StringParser.cpp
e:\tightvnc-2.8.11-gpl\util\stringparser.cpp(33): warning C4996: 'swscanf': This function or variable may be unsafe. Consider using swscanf_s instead. To disable deprecation, use _CRT_SECURE_NO_WARNINGS. See online help for details.
  c:\program files (x86)\windows kits\10\include\10.0.10240.0\ucrt\corecrt_wstdio.h(2037): note: 参见“swscanf”的声明
e:\tightvnc-2.8.11-gpl\util\stringparser.cpp(73): warning C4996: 'swscanf': This function or variable may be unsafe. Consider using swscanf_s instead. To disable deprecation, use _CRT_SECURE_NO_WARNINGS. See online help for details.
  c:\program files (x86)\windows kits\10\include\10.0.10240.0\ucrt\corecrt_wstdio.h(2037): note: 参见“swscanf”的声明
e:\tightvnc-2.8.11-gpl\util\stringparser.cpp(92): warning C4996: 'swscanf': This function or variable may be unsafe. Consider using swscanf_s instead. To disable deprecation, use _CRT_SECURE_NO_WARNINGS. See online help for details.
  c:\program files (x86)\windows kits\10\include\10.0.10240.0\ucrt\corecrt_wstdio.h(2037): note: 参见“swscanf”的声明
e:\tightvnc-2.8.11-gpl\util\stringparser.cpp(105): warning C4996: 'swscanf': This function or variable may be unsafe. Consider using swscanf_s instead. To disable deprecation, use _CRT_SECURE_NO_WARNINGS. See online help for details.
  c:\program files (x86)\windows kits\10\include\10.0.10240.0\ucrt\corecrt_wstdio.h(2037): note: 参见“swscanf”的声明
e:\tightvnc-2.8.11-gpl\util\stringparser.cpp(118): warning C4996: 'swscanf': This function or variable may be unsafe. Consider using swscanf_s instead. To disable deprecation, use _CRT_SECURE_NO_WARNINGS. See online help for details.
  c:\program files (x86)\windows kits\10\include\10.0.10240.0\ucrt\corecrt_wstdio.h(2037): note: 参见“swscanf”的声明
  ResourceLoader.cpp
  md5.cpp
  MacroCommand.cpp
  Keymap.cpp
  KeyContainer.cpp
  Inflater.cpp
  GetCPUtime.cpp
  Exception.cpp
  DesCrypt.cpp
  DemandTimer.cpp
  Deflater.cpp
  正在生成代码...
  正在编译...
  DateTime.cpp
  CommandLineFormatHelp.cpp
  CommandLineFormatException.cpp
  CommandLineArgs.cpp
  CommandLine.cpp
e:\tightvnc-2.8.11-gpl\util\commandline.h(35): warning C4091: “typedef ”: 没有声明变量时忽略“UseArgument”的左侧
  Command.cpp
  BrokenHandleException.cpp
  AnsiStringStorage.cpp
  正在生成代码...
  util.vcxproj -> E:\tightvnc-2.8.11-gpl\Debug\util.lib
