  WindowProcHolder.cpp
  WindowFinder.cpp
  Trackbar.cpp
  Tooltip.cpp
  ToolBar.cpp
  ThemeLib.cpp
  TextBox.cpp
  TabControl.cpp
  Tab.cpp
  StringFilter.cpp
  SpinControl.cpp
  ScrollBar.cpp
  ProgressBar.cpp
  PaintWindow.cpp
  NotifyIconWindow.cpp
  NotifyIcon.cpp
  MessageWindow.cpp
  Menu.cpp
  ListView.cpp
  ListBox.cpp
  正在生成代码...
  正在编译...
  ImagedButton.cpp
  FilteredTextBox.cpp
  SolidBrush.cpp
  Pen.cpp
  Icon.cpp
  Graphics.cpp
  DeviceContext.cpp
  Brush.cpp
  BitmapGraphics.cpp
  Bitmap.cpp
  DibFrameBuffer.cpp
  Control.cpp
  CommonControlsEx.cpp
  ComboBox.cpp
  CheckBox.cpp
  BaseWindow.cpp
  BaseDialog.cpp
  BalloonTip.cpp
  正在生成代码...
  gui.vcxproj -> E:\tightvnc-2.8.11-gpl\Debug\gui.lib
