  WinVideoRegionUpdaterImpl.cpp
  WinServiceDesktopFactory.cpp
  WinDxRecoverableException.cpp
  WinDxgiSurface.cpp
  WinDxgiOutputDuplication.cpp
  WinDxgiOutput1.cpp
  WinDxgiOutput.cpp
  WinDxgiDevice.cpp
  WinDxgiAdapter.cpp
  WinDxgiAcquiredFrame.cpp
  WinDxException.cpp
  WinDxCriticalException.cpp
  WindowsUserInput.cpp
  WindowsScreenGrabber.cpp
  WindowsInputBlocker.cpp
  WindowsCursorShapeGrabber.cpp
  WindowsClipboard.cpp
  WinD3D11Texture2D.cpp
  WinD3D11Device.cpp
  WinCustomD3D11Texture2D.cpp
  正在生成代码...
  正在编译...
  WinCursorShapeUtils.cpp
  WinAutoMapDxgiSurface.cpp
  Win8ScreenDriverImpl.cpp
e:\tightvnc-2.8.11-gpl\desktop\win8screendriverimpl.cpp(123): warning C4101: “e”: 未引用的局部变量
  Win8ScreenDriver.cpp
  Win8DeskDuplicationThread.cpp
  Win8CursorShape.cpp
  Win32ScreenDriverFactory.cpp
e:\tightvnc-2.8.11-gpl\desktop\win32screendriverbaseimpl.h : warning C4819: 该文件包含不能在当前代码页(936)中表示的字符。请将该文件保存为 Unicode 格式以防止数据丢失
  Win32ScreenDriverBaseImpl.cpp
e:\tightvnc-2.8.11-gpl\desktop\win32screendriverbaseimpl.h : warning C4819: 该文件包含不能在当前代码页(936)中表示的字符。请将该文件保存为 Unicode 格式以防止数据丢失
  Win32ScreenDriver.cpp
e:\tightvnc-2.8.11-gpl\desktop\win32screendriverbaseimpl.h : warning C4819: 该文件包含不能在当前代码页(936)中表示的字符。请将该文件保存为 Unicode 格式以防止数据丢失
  Win32MirrorScreenDriver.cpp
e:\tightvnc-2.8.11-gpl\desktop\win32screendriverbaseimpl.h : warning C4819: 该文件包含不能在当前代码页(936)中表示的字符。请将该文件保存为 Unicode 格式以防止数据丢失
  WallpaperUtil.cpp
  UserInput.cpp
  UpdateSendingListener.cpp
  UpdateListener.cpp
  UpdateKeeper.cpp
  UpdateHandlerImpl.cpp
  UpdateHandler.cpp
  UpdateFilter.cpp
e:\tightvnc-2.8.11-gpl\desktop\updatefilter.cpp(89): warning C4244: “初始化”: 从“UINT64”转换到“double”，可能丢失数据
e:\tightvnc-2.8.11-gpl\desktop\updatefilter.cpp(114): warning C4244: “=”: 从“UINT64”转换到“double”，可能丢失数据
  UpdateDetector.cpp
  UpdateContainer.cpp
  正在生成代码...
  正在编译...
  ScreenGrabber.cpp
  SasUserInput.cpp
  Poller.cpp
  MirrorScreenDriver.cpp
e:\tightvnc-2.8.11-gpl\desktop\mirrorscreendriver.cpp(107): warning C4018: “<”: 有符号/无符号不匹配
  MirrorDriverClient.cpp
  InputBlocker.cpp
  HookUpdateTimer.cpp
  HooksUpdateDetector.cpp
  HookInstaller.cpp
  GrabOptimizator.cpp
  DesktopWinImpl.cpp
  DesktopServerWatcher.cpp
  DesktopConfigLocal.cpp
  DesktopClientImpl.cpp
  DesktopBaseImpl.cpp
  CursorShapeGrabber.cpp
  CursorShapeDetector.cpp
  CursorPositionDetector.cpp
  CopyRectDetector.cpp
  ConsolePoller.cpp
  正在生成代码...
  正在编译...
  ClipboardListener.cpp
  ApplicationDesktopFactory.cpp
  正在生成代码...
  desktop.vcxproj -> E:\tightvnc-2.8.11-gpl\Debug\desktop.lib
