  jutils.c
  jquant2.c
  jquant1.c
  jmemnobs.c
  jmemmgr.c
  jidctint.c
  jidctfst.c
  jidctflt.c
  jfdctint.c
  jfdctfst.c
  jfdctflt.c
  jerror.c
  jdtrans.c
  jdsample.c
  jdpostct.c
  jdmerge.c
  jdmaster.c
  jdmarker.c
  jdmainct.c
  jdinput.c
  正在生成代码...
  正在编译...
  jdhuff.c
  jddctmgr.c
  jdcolor.c
  jdcoefct.c
  jdatasrc.c
  jdatadst.c
  jdarith.c
  jdapistd.c
  jdapimin.c
  jctrans.c
  jcsample.c
  jcprepct.c
  jcphuff.c
  jcparam.c
  jcomapi.c
  jcmaster.c
  jcmarker.c
  jcmainct.c
  jcinit.c
  jchuff.c
  正在生成代码...
  正在编译...
  jcdctmgr.c
  jccolor.c
  jccoefct.c
  jcarith.c
  jcapistd.c
  jcapimin.c
  jaricom.c
  正在生成代码...
  libjpeg.vcxproj -> E:\tightvnc-2.8.11-gpl\Debug\libjpeg.lib
