  UploadOperation.cpp
  RemoteFolderCreateOperation.cpp
  RemoteFilesDeleteOperation.cpp
  RemoteFileRenameOperation.cpp
  RemoteFileListOperation.cpp
  OperationSupport.cpp
  OperationNotPermittedException.cpp
  OperationEventListener.cpp
  LocalFilesDeleteOperation.cpp
  FileTransferRequestSender.cpp
  FileTransferReplyBuffer.cpp
  FileTransferOperation.cpp
  FileTransferMessageProcessor.cpp
  FileTransferInterface.cpp
  FileTransferEventHandler.cpp
  FileTransferEventAdapter.cpp
  FileTransferCore.cpp
  FileInfoList.cpp
  DownloadOperation.cpp
  CopyOperation.cpp
  正在生成代码...
  ft-client-lib.vcxproj -> E:\tightvnc-2.8.11-gpl\Debug\ft-client-lib.lib
